h:\mygameproject\starsdogglgit\starsdoggl\starsdoggl\starsdoggl\starsdoggl\winio\source\dll\x64\debug\vc120.pdb
h:\mygameproject\starsdogglgit\starsdoggl\starsdoggl\starsdoggl\starsdoggl\winio\source\dll\x64\debug\vc120.idb
h:\mygameproject\starsdogglgit\starsdoggl\starsdoggl\starsdoggl\starsdoggl\winio\source\dll\x64\debug\instdrv.obj
h:\mygameproject\starsdogglgit\starsdoggl\starsdoggl\starsdoggl\starsdoggl\winio\source\dll\x64\debug\phys32.obj
h:\mygameproject\starsdogglgit\starsdoggl\starsdoggl\starsdoggl\starsdoggl\winio\source\dll\x64\debug\port32.obj
h:\mygameproject\starsdogglgit\starsdoggl\starsdoggl\starsdoggl\starsdoggl\winio\source\dll\x64\debug\winio.obj
h:\mygameproject\starsdogglgit\starsdoggl\starsdoggl\starsdoggl\starsdoggl\winio\source\dll\x64\debug\starsio64.ilk
h:\mygameproject\starsdogglgit\starsdoggl\starsdoggl\starsdoggl\starsdoggl\winio\source\dll\x64\debug\starsio64.dll
h:\mygameproject\starsdogglgit\starsdoggl\starsdoggl\starsdoggl\starsdoggl\winio\source\dll\x64\debug\starsio.pdb
h:\mygameproject\starsdogglgit\starsdoggl\starsdoggl\starsdoggl\starsdoggl\winio\source\dll\x64\debug\winio.res
h:\mygameproject\starsdogglgit\starsdoggl\starsdoggl\starsdoggl\starsdoggl\winio\source\dll\x64\debug\starsio.lib
h:\mygameproject\starsdogglgit\starsdoggl\starsdoggl\starsdoggl\starsdoggl\winio\source\dll\x64\debug\starsio.exp
h:\mygameproject\starsdogglgit\starsdoggl\starsdoggl\starsdoggl\starsdoggl\winio\source\dll\x64\debug\starsio.tlog\cl.command.1.tlog
h:\mygameproject\starsdogglgit\starsdoggl\starsdoggl\starsdoggl\starsdoggl\winio\source\dll\x64\debug\starsio.tlog\cl.read.1.tlog
h:\mygameproject\starsdogglgit\starsdoggl\starsdoggl\starsdoggl\starsdoggl\winio\source\dll\x64\debug\starsio.tlog\cl.write.1.tlog
h:\mygameproject\starsdogglgit\starsdoggl\starsdoggl\starsdoggl\starsdoggl\winio\source\dll\x64\debug\starsio.tlog\link.command.1.tlog
h:\mygameproject\starsdogglgit\starsdoggl\starsdoggl\starsdoggl\starsdoggl\winio\source\dll\x64\debug\starsio.tlog\link.read.1.tlog
h:\mygameproject\starsdogglgit\starsdoggl\starsdoggl\starsdoggl\starsdoggl\winio\source\dll\x64\debug\starsio.tlog\link.write.1.tlog
h:\mygameproject\starsdogglgit\starsdoggl\starsdoggl\starsdoggl\starsdoggl\winio\source\dll\x64\debug\starsio.tlog\rc.command.1.tlog
h:\mygameproject\starsdogglgit\starsdoggl\starsdoggl\starsdoggl\starsdoggl\winio\source\dll\x64\debug\starsio.tlog\rc.read.1.tlog
h:\mygameproject\starsdogglgit\starsdoggl\starsdoggl\starsdoggl\starsdoggl\winio\source\dll\x64\debug\starsio.tlog\rc.write.1.tlog
h:\mygameproject\starsdogglgit\starsdoggl\starsdoggl\starsdoggl\starsdoggl\winio\source\dll\x64\debug\starsio.tlog\starsio.write.1u.tlog
